<?xml version="1.0" encoding="UTF-8"?>
<testng-results skipped="0" failed="0" total="1" passed="1">
  <reporter-output>
  </reporter-output>
  <suite name="Tests" duration-ms="8272" started-at="2016-06-01T10:47:42Z" finished-at="2016-06-01T10:47:50Z">
    <groups>
    </groups>
    <test name="Test1" duration-ms="8272" started-at="2016-06-01T10:47:42Z" finished-at="2016-06-01T10:47:50Z">
      <class name="bms.notpages.LoginTest">
        <test-method status="PASS" signature="init()[pri:0, instance:bms.notpages.LoginTest@1ba5a14]" name="init" is-config="true" duration-ms="6139" started-at="2016-06-01T13:47:42Z" finished-at="2016-06-01T13:47:48Z">
          <reporter-output>
          </reporter-output>
        </test-method> <!-- init -->
        <test-method status="PASS" signature="testUntitled()[pri:0, instance:bms.notpages.LoginTest@1ba5a14]" name="testUntitled" duration-ms="2124" started-at="2016-06-01T13:47:48Z" finished-at="2016-06-01T13:47:50Z">
          <reporter-output>
          </reporter-output>
        </test-method> <!-- testUntitled -->
        <test-method status="PASS" signature="tearDown()[pri:0, instance:bms.notpages.LoginTest@1ba5a14]" name="tearDown" is-config="true" duration-ms="181" started-at="2016-06-01T13:47:50Z" finished-at="2016-06-01T13:47:51Z">
          <reporter-output>
          </reporter-output>
        </test-method> <!-- tearDown -->
      </class> <!-- bms.notpages.LoginTest -->
    </test> <!-- Test1 -->
  </suite> <!-- Tests -->
</testng-results>
